SF:lib\movie\data\models\movie.dart
DA:7,2
DA:14,1
DA:15,1
DA:16,1
DA:17,2
DA:19,0
DA:21,1
DA:22,1
DA:23,1
DA:25,1
LF:10
LH:9
end_of_record
SF:lib\movie\data\models\page.dart
DA:7,3
DA:9,2
DA:10,1
DA:11,1
DA:12,2
DA:14,1
DA:15,1
LF:7
LH:7
end_of_record
SF:lib\movie\data\models\trendingRequest.dart
DA:7,3
DA:13,1
DA:14,5
LF:3
LH:3
end_of_record
SF:lib\movie\data\movie_repostory_impl.dart
DA:16,1
DA:19,1
DA:22,3
DA:24,4
DA:25,3
DA:27,1
DA:28,1
DA:30,1
DA:31,0
DA:32,1
DA:33,0
DA:34,0
DA:35,0
DA:36,0
DA:37,0
DA:38,0
DA:40,0
DA:42,2
LF:18
LH:10
end_of_record
SF:lib\movie\domain\usecases\weeklyMovies.dart
DA:15,1
DA:18,1
DA:19,3
DA:20,2
DA:22,3
DA:23,1
LF:6
LH:6
end_of_record
SF:lib\movie\external\movie_datasource_impl.dart
DA:12,1
DA:15,1
DA:16,2
DA:17,4
DA:18,2
DA:19,2
DA:22,1
LF:7
LH:7
end_of_record
